\BOOKMARK [1][-]{section.1}{Algemene afspraken rond dit document}{}% 1
\BOOKMARK [1][-]{section.2}{Algemene te kennen theorie}{}% 2
\BOOKMARK [2][-]{subsection.2.1}{Prefixen}{section.2}% 3
\BOOKMARK [2][-]{subsection.2.2}{Vectoren}{section.2}% 4
\BOOKMARK [3][-]{subsubsection.2.2.1}{Scalair product}{subsection.2.2}% 5
\BOOKMARK [3][-]{subsubsection.2.2.2}{Vectorproduct}{subsection.2.2}% 6
\BOOKMARK [2][-]{subsection.2.3}{Pollevs}{section.2}% 7
\BOOKMARK [1][-]{section.3}{Deel 1 - Mechanica}{}% 8
\BOOKMARK [1][-]{section.4}{Kinematica in 1 dimensie}{}% 9
\BOOKMARK [2][-]{subsection.4.1}{2.5: Formules bij constante versnelling}{section.4}% 10
\BOOKMARK [1][-]{section.5}{Kinematica in twee of drie dimensies}{}% 11
\BOOKMARK [2][-]{subsection.5.1}{Projectiel beweging: formules}{section.5}% 12
\BOOKMARK [1][-]{section.6}{Dynamica: Newton's bewegingswetten}{}% 13
\BOOKMARK [2][-]{subsection.6.1}{Eerste wet: inertie}{section.6}% 14
\BOOKMARK [2][-]{subsection.6.2}{Tweede wet: versnelling}{section.6}% 15
\BOOKMARK [2][-]{subsection.6.3}{Derde wet: actie-reactie}{section.6}% 16
\BOOKMARK [2][-]{subsection.6.4}{Gewicht - Gravitatie - Normaalkracht}{section.6}% 17
\BOOKMARK [1][-]{section.7}{De wetten van Newton: wrijving, cirkelbeweging, weerstandskrachten}{}% 18
\BOOKMARK [2][-]{subsection.7.1}{Delen in de Giancoli}{section.7}% 19
\BOOKMARK [2][-]{subsection.7.2}{Wrijvingskrachten}{section.7}% 20
\BOOKMARK [2][-]{subsection.7.3}{Weerstand en eindsnelheid}{section.7}% 21
\BOOKMARK [2][-]{subsection.7.4}{Kinematica van de cirkelbeweging}{section.7}% 22
\BOOKMARK [2][-]{subsection.7.5}{Dynamica van de cirkelbeweging}{section.7}% 23
\BOOKMARK [1][-]{section.8}{De zwaartekracht en de synthese van Newton}{}% 24
\BOOKMARK [2][-]{subsection.8.1}{Delen in Giancoli}{section.8}% 25
\BOOKMARK [2][-]{subsection.8.2}{De wet van de universele zwaartekracht}{section.8}% 26
\BOOKMARK [2][-]{subsection.8.3}{Zwaartekracht nabij het oppervlak}{section.8}% 27
\BOOKMARK [2][-]{subsection.8.4}{Satellieten}{section.8}% 28
\BOOKMARK [2][-]{subsection.8.5}{Het gravitatieveld}{section.8}% 29
\BOOKMARK [1][-]{section.9}{Arbeid en energie}{}% 30
\BOOKMARK [2][-]{subsection.9.1}{Delen in Giancoli}{section.9}% 31
\BOOKMARK [1][-]{section.10}{Behoud van energie}{}% 32
\BOOKMARK [2][-]{subsection.10.1}{Delen in Giancoli}{section.10}% 33
\BOOKMARK [1][-]{section.11}{Impuls}{}% 34
\BOOKMARK [2][-]{subsection.11.1}{Delen in Giancoli}{section.11}% 35
\BOOKMARK [1][-]{section.12}{Rotatie}{}% 36
\BOOKMARK [1][-]{section.13}{Impulsmoment}{}% 37
\BOOKMARK [2][-]{subsection.13.1}{Delen in Giancoli}{section.13}% 38
\BOOKMARK [1][-]{section.14}{Deel 2 - Elektriciteit}{}% 39
\BOOKMARK [1][-]{section.15}{Elektrische velden}{}% 40
\BOOKMARK [2][-]{subsection.15.1}{Delen in Giancoli}{section.15}% 41
\BOOKMARK [1][-]{section.16}{De wet van Gauss}{}% 42
\BOOKMARK [2][-]{subsection.16.1}{Delen in Giancoli}{section.16}% 43
\BOOKMARK [1][-]{section.17}{Elektrische potentiaal}{}% 44
\BOOKMARK [2][-]{subsection.17.1}{Delen in Giancoli}{section.17}% 45
\BOOKMARK [1][-]{section.18}{Condensatoren en di\353lektrica}{}% 46
\BOOKMARK [2][-]{subsection.18.1}{Delen in Giancoli}{section.18}% 47
\BOOKMARK [1][-]{section.19}{Elektrische stroom en weerstand}{}% 48
\BOOKMARK [2][-]{subsection.19.1}{Delen in Giancoli}{section.19}% 49
\BOOKMARK [1][-]{section.20}{Gelijkstroomschakelingen}{}% 50
\BOOKMARK [2][-]{subsection.20.1}{Delen in Giancoli}{section.20}% 51
\BOOKMARK [1][-]{section.21}{Deel 3 - Magnetisme}{}% 52
